<?xml version="1.0" encoding="UTF-8"?>
<testng-results ignored="0" total="3" passed="3" failed="0" skipped="0">
  <reporter-output>
  </reporter-output>
  <suite started-at="2022-10-18T08:52:52 PDT" name="Practice Suite" finished-at="2022-10-18T08:53:20 PDT" duration-ms="28395">
    <groups>
    </groups>
    <test started-at="2022-10-18T08:52:52 PDT" name="Chrome" finished-at="2022-10-18T08:53:00 PDT" duration-ms="8586">
      <class name="sampleproject.Testclass">
        <test-method signature="test(java.lang.String)[pri:0, instance:sampleproject.Testclass@2c767a52]" started-at="2022-10-18T08:52:52 PDT" name="test" finished-at="2022-10-18T08:53:00 PDT" duration-ms="8556" status="PASS">
          <params>
            <param index="0">
              <value>
                <![CDATA[chrome]]>
              </value>
            </param>
          </params>
          <reporter-output>
          </reporter-output>
        </test-method> <!-- test -->
      </class> <!-- sampleproject.Testclass -->
    </test> <!-- Chrome -->
    <test started-at="2022-10-18T08:53:00 PDT" name="Firefox" finished-at="2022-10-18T08:53:09 PDT" duration-ms="8231">
      <class name="sampleproject.Testclass">
        <test-method signature="test(java.lang.String)[pri:0, instance:sampleproject.Testclass@12468a38]" started-at="2022-10-18T08:53:00 PDT" name="test" finished-at="2022-10-18T08:53:09 PDT" duration-ms="8227" status="PASS">
          <params>
            <param index="0">
              <value>
                <![CDATA[firefox]]>
              </value>
            </param>
          </params>
          <reporter-output>
          </reporter-output>
        </test-method> <!-- test -->
      </class> <!-- sampleproject.Testclass -->
    </test> <!-- Firefox -->
    <test started-at="2022-10-18T08:53:09 PDT" name="Edge" finished-at="2022-10-18T08:53:20 PDT" duration-ms="11563">
      <class name="sampleproject.Testclass">
        <test-method signature="test(java.lang.String)[pri:0, instance:sampleproject.Testclass@5b239d7d]" started-at="2022-10-18T08:53:09 PDT" name="test" finished-at="2022-10-18T08:53:20 PDT" duration-ms="11561" status="PASS">
          <params>
            <param index="0">
              <value>
                <![CDATA[edge]]>
              </value>
            </param>
          </params>
          <reporter-output>
          </reporter-output>
        </test-method> <!-- test -->
      </class> <!-- sampleproject.Testclass -->
    </test> <!-- Edge -->
  </suite> <!-- Practice Suite -->
</testng-results>
